#
# There is insufficient memory for the Java Runtime Environment to continue.
# Native memory allocation (malloc) failed to allocate 32744 bytes for ChunkPool::allocate
# Possible reasons:
#   The system is out of physical RAM or swap space
#   In 32 bit mode, the process size limit was hit
# Possible solutions:
#   Reduce memory load on the system
#   Increase physical memory or swap space
#   Check if swap backing store is full
#   Use 64 bit Java on a 64 bit OS
#   Decrease Java heap size (-Xmx/-Xms)
#   Decrease number of Java threads
#   Decrease Java thread stack sizes (-Xss)
#   Set larger code cache with -XX:ReservedCodeCacheSize=
# This output file may be truncated or incomplete.
#
#  Out of Memory Error (allocation.cpp:273), pid=50524, tid=0x000000000000915c
#
# JRE version: Java(TM) SE Runtime Environment (8.0_131-b11) (build 1.8.0_131-b11)
# Java VM: Java HotSpot(TM) 64-Bit Server VM (25.131-b11 mixed mode windows-amd64 compressed oops)
# Failed to write core dump. Minidumps are not enabled by default on client versions of Windows
#

---------------  T H R E A D  ---------------

Current thread (0x000000001e8be800):  JavaThread "C1 CompilerThread3" daemon [_thread_in_vm, id=37212, stack(0x000000001f280000,0x000000001f380000)]

Stack: [0x000000001f280000,0x000000001f380000]
[error occurred during error reporting (printing stack bounds), id 0xc0000005]

Native frames: (J=compiled Java code, j=interpreted, Vv=VM code, C=native code)


Current CompileTask:
C1:  10876 5147       3       org.eclipse.jgit.internal.storage.file.WindowCursor::pin (36 bytes)


---------------  P R O C E S S  ---------------

Java Threads: ( => current thread )
  0x00000000205a8800 JavaThread "Okio Watchdog" daemon [_thread_blocked, id=7868, stack(0x0000000022d70000,0x0000000022e70000)]
  0x00000000205a7800 JavaThread "OkHttp ConnectionPool" daemon [_thread_blocked, id=42932, stack(0x0000000022c70000,0x0000000022d70000)]
  0x000000001e938800 JavaThread "Service Thread" daemon [_thread_blocked, id=40236, stack(0x000000001f380000,0x000000001f480000)]
=>0x000000001e8be800 JavaThread "C1 CompilerThread3" daemon [_thread_in_vm, id=37212, stack(0x000000001f280000,0x000000001f380000)]
  0x000000001e8ba800 JavaThread "C2 CompilerThread2" daemon [_thread_in_native, id=46704, stack(0x000000001f180000,0x000000001f280000)]
  0x000000001e8b6800 JavaThread "C2 CompilerThread1" daemon [_thread_in_native, id=50324, stack(0x000000001f080000,0x000000001f180000)]
  0x000000001e8b0800 JavaThread "C2 CompilerThread0" daemon [_thread_in_native, id=50284, stack(0x000000001ef80000,0x000000001f080000)]
  0x000000001e8aa800 JavaThread "Attach Listener" daemon [_thread_blocked, id=50800, stack(0x000000001ee80000,0x000000001ef80000)]
  0x000000001e85c000 JavaThread "Signal Dispatcher" daemon [_thread_blocked, id=17788, stack(0x000000001ed80000,0x000000001ee80000)]
  0x0000000003109000 JavaThread "Finalizer" daemon [_thread_blocked, id=40336, stack(0x000000001ec20000,0x000000001ed20000)]
  0x0000000003108000 JavaThread "Reference Handler" daemon [_thread_blocked, id=50872, stack(0x000000001e720000,0x000000001e820000)]
  0x0000000002fdd800 JavaThread "main" [_thread_in_Java, id=50536, stack(0x0000000002e20000,0x0000000002f20000)]

Other Threads:
  0x000000001c929000 VMThread [stack: 0x000000001e620000,0x000000001e720000] [id=50160]
  0x000000001e9cc800 WatcherThread [stack: 0x000000001f480000,0x000000001f580000] [id=46764]

VM state:not at safepoint (normal execution)

VM Mutex/Monitor currently owned by a thread: None

Heap:
 PSYoungGen      total 109056K, used 76670K [0x000000076c600000, 0x0000000777d00000, 0x00000007c0000000)
  eden space 92160K, 64% used [0x000000076c600000,0x0000000770064260,0x0000000772000000)
  from space 16896K, 99% used [0x0000000773380000,0x00000007743fb840,0x0000000774400000)
  to   space 19968K, 0% used [0x0000000772000000,0x0000000772000000,0x0000000773380000)
 ParOldGen       total 117248K, used 16594K [0x00000006c5200000, 0x00000006cc480000, 0x000000076c600000)
  object space 117248K, 14% used [0x00000006c5200000,0x00000006c6234a38,0x00000006cc480000)
 Metaspace       used 26316K, capacity 27006K, committed 27184K, reserved 1073152K
  class space    used 3054K, capacity 3294K, committed 3376K, reserved 1048576K

Card table byte_map: [0x00000000124d0000,0x0000000012cb0000] byte_map_base: 0x000000000eea7000

Marking Bits: (ParMarkBitMap*) 0x000000006aefc720
 Begin Bits: [0x00000000139f0000, 0x00000000178a8000)
 End Bits:   [0x00000000178a8000, 0x000000001b760000)

Polling page: 0x0000000001190000

CodeCache: size=245760Kb used=16393Kb max_used=16667Kb free=229366Kb
 bounds [0x0000000003110000, 0x0000000004170000, 0x0000000012110000]
 total_blobs=4936 nmethods=4504 adapters=344
 compilation: enabled

Compilation events (10 events):
Event: 10.852 Thread 0x000000001e8be800 nmethod 5140 0x00000000034e6050 code [0x00000000034e61a0, 0x00000000034e6290]
Event: 10.853 Thread 0x000000001e8be800 5141       1       org.eclipse.jgit.lib.ObjectIdRef::getObjectId (5 bytes)
Event: 10.854 Thread 0x000000001e8be800 nmethod 5141 0x00000000035222d0 code [0x0000000003522420, 0x0000000003522530]
Event: 10.856 Thread 0x000000001e8be800 5142       1       sun.nio.fs.WindowsPath::getPathForExceptionMessage (5 bytes)
Event: 10.856 Thread 0x000000001e8be800 nmethod 5142 0x000000000388e850 code [0x000000000388e9a0, 0x000000000388eab0]
Event: 10.862 Thread 0x000000001e8be800 5144       3       java.util.regex.Pattern$LastNode::match (45 bytes)
Event: 10.862 Thread 0x000000001e8be800 nmethod 5144 0x00000000032bf7d0 code [0x00000000032bf940, 0x00000000032bfb70]
Event: 10.869 Thread 0x000000001e8be800 5145       3       org.eclipse.jgit.internal.storage.file.UnpackedObjectCache$Table::contains (70 bytes)
Event: 10.870 Thread 0x000000001e8be800 nmethod 5145 0x00000000036bd810 code [0x00000000036bd9c0, 0x00000000036be178]
Event: 10.874 Thread 0x000000001e8be800 5147       3       org.eclipse.jgit.internal.storage.file.WindowCursor::pin (36 bytes)

GC Heap History (10 events):
Event: 7.732 GC heap before
{Heap before GC invocations=5 (full 1):
 PSYoungGen      total 75264K, used 10744K [0x000000076c600000, 0x0000000771a00000, 0x00000007c0000000)
  eden space 64512K, 0% used [0x000000076c600000,0x000000076c600000,0x0000000770500000)
  from space 10752K, 99% used [0x0000000770f80000,0x00000007719fe050,0x0000000771a00000)
  to   space 10752K, 0% used [0x0000000770500000,0x0000000770500000,0x0000000770f80000)
 ParOldGen       total 172032K, used 8254K [0x00000006c5200000, 0x00000006cfa00000, 0x000000076c600000)
  object space 172032K, 4% used [0x00000006c5200000,0x00000006c5a0f818,0x00000006cfa00000)
 Metaspace       used 20739K, capacity 21140K, committed 21296K, reserved 1069056K
  class space    used 2404K, capacity 2586K, committed 2608K, reserved 1048576K
Event: 7.805 GC heap after
Heap after GC invocations=5 (full 1):
 PSYoungGen      total 75264K, used 0K [0x000000076c600000, 0x0000000771a00000, 0x00000007c0000000)
  eden space 64512K, 0% used [0x000000076c600000,0x000000076c600000,0x0000000770500000)
  from space 10752K, 0% used [0x0000000770f80000,0x0000000770f80000,0x0000000771a00000)
  to   space 10752K, 0% used [0x0000000770500000,0x0000000770500000,0x0000000770f80000)
 ParOldGen       total 117248K, used 15834K [0x00000006c5200000, 0x00000006cc480000, 0x000000076c600000)
  object space 117248K, 13% used [0x00000006c5200000,0x00000006c61768b0,0x00000006cc480000)
 Metaspace       used 20739K, capacity 21140K, committed 21296K, reserved 1069056K
  class space    used 2404K, capacity 2586K, committed 2608K, reserved 1048576K
}
Event: 8.651 GC heap before
{Heap before GC invocations=6 (full 1):
 PSYoungGen      total 75264K, used 64512K [0x000000076c600000, 0x0000000771a00000, 0x00000007c0000000)
  eden space 64512K, 100% used [0x000000076c600000,0x0000000770500000,0x0000000770500000)
  from space 10752K, 0% used [0x0000000770f80000,0x0000000770f80000,0x0000000771a00000)
  to   space 10752K, 0% used [0x0000000770500000,0x0000000770500000,0x0000000770f80000)
 ParOldGen       total 117248K, used 15834K [0x00000006c5200000, 0x00000006cc480000, 0x000000076c600000)
  object space 117248K, 13% used [0x00000006c5200000,0x00000006c61768b0,0x00000006cc480000)
 Metaspace       used 22419K, capacity 22982K, committed 23344K, reserved 1069056K
  class space    used 2599K, capacity 2820K, committed 2864K, reserved 1048576K
Event: 8.655 GC heap after
Heap after GC invocations=6 (full 1):
 PSYoungGen      total 75264K, used 5076K [0x000000076c600000, 0x0000000774400000, 0x00000007c0000000)
  eden space 64512K, 0% used [0x000000076c600000,0x000000076c600000,0x0000000770500000)
  from space 10752K, 47% used [0x0000000770500000,0x00000007709f5118,0x0000000770f80000)
  to   space 16896K, 0% used [0x0000000773380000,0x0000000773380000,0x0000000774400000)
 ParOldGen       total 117248K, used 15842K [0x00000006c5200000, 0x00000006cc480000, 0x000000076c600000)
  object space 117248K, 13% used [0x00000006c5200000,0x00000006c61788b0,0x00000006cc480000)
 Metaspace       used 22419K, capacity 22982K, committed 23344K, reserved 1069056K
  class space    used 2599K, capacity 2820K, committed 2864K, reserved 1048576K
}
Event: 9.720 GC heap before
{Heap before GC invocations=7 (full 1):
 PSYoungGen      total 75264K, used 69588K [0x000000076c600000, 0x0000000774400000, 0x00000007c0000000)
  eden space 64512K, 100% used [0x000000076c600000,0x0000000770500000,0x0000000770500000)
  from space 10752K, 47% used [0x0000000770500000,0x00000007709f5118,0x0000000770f80000)
  to   space 16896K, 0% used [0x0000000773380000,0x0000000773380000,0x0000000774400000)
 ParOldGen       total 117248K, used 15842K [0x00000006c5200000, 0x00000006cc480000, 0x000000076c600000)
  object space 117248K, 13% used [0x00000006c5200000,0x00000006c61788b0,0x00000006cc480000)
 Metaspace       used 25807K, capacity 26524K, committed 26928K, reserved 1073152K
  class space    used 3017K, capacity 3275K, committed 3376K, reserved 1048576K
Event: 9.732 GC heap after
Heap after GC invocations=7 (full 1):
 PSYoungGen      total 110592K, used 15266K [0x000000076c600000, 0x0000000774800000, 0x00000007c0000000)
  eden space 93696K, 0% used [0x000000076c600000,0x000000076c600000,0x0000000772180000)
  from space 16896K, 90% used [0x0000000773380000,0x0000000774268b70,0x0000000774400000)
  to   space 18432K, 0% used [0x0000000772180000,0x0000000772180000,0x0000000773380000)
 ParOldGen       total 117248K, used 15850K [0x00000006c5200000, 0x00000006cc480000, 0x000000076c600000)
  object space 117248K, 13% used [0x00000006c5200000,0x00000006c617a8b0,0x00000006cc480000)
 Metaspace       used 25807K, capacity 26524K, committed 26928K, reserved 1073152K
  class space    used 3017K, capacity 3275K, committed 3376K, reserved 1048576K
}
Event: 10.183 GC heap before
{Heap before GC invocations=8 (full 1):
 PSYoungGen      total 110592K, used 108962K [0x000000076c600000, 0x0000000774800000, 0x00000007c0000000)
  eden space 93696K, 100% used [0x000000076c600000,0x0000000772180000,0x0000000772180000)
  from space 16896K, 90% used [0x0000000773380000,0x0000000774268b70,0x0000000774400000)
  to   space 18432K, 0% used [0x0000000772180000,0x0000000772180000,0x0000000773380000)
 ParOldGen       total 117248K, used 15850K [0x00000006c5200000, 0x00000006cc480000, 0x000000076c600000)
  object space 117248K, 13% used [0x00000006c5200000,0x00000006c617a8b0,0x00000006cc480000)
 Metaspace       used 26100K, capacity 26780K, committed 27184K, reserved 1073152K
  class space    used 3030K, capacity 3275K, committed 3376K, reserved 1048576K
Event: 10.191 GC heap after
Heap after GC invocations=8 (full 1):
 PSYoungGen      total 112128K, used 13084K [0x000000076c600000, 0x0000000774800000, 0x00000007c0000000)
  eden space 93696K, 0% used [0x000000076c600000,0x000000076c600000,0x0000000772180000)
  from space 18432K, 70% used [0x0000000772180000,0x0000000772e47080,0x0000000773380000)
  to   space 16896K, 0% used [0x0000000773380000,0x0000000773380000,0x0000000774400000)
 ParOldGen       total 117248K, used 15858K [0x00000006c5200000, 0x00000006cc480000, 0x000000076c600000)
  object space 117248K, 13% used [0x00000006c5200000,0x00000006c617c8b0,0x00000006cc480000)
 Metaspace       used 26100K, capacity 26780K, committed 27184K, reserved 1073152K
  class space    used 3030K, capacity 3275K, committed 3376K, reserved 1048576K
}
Event: 10.611 GC heap before
{Heap before GC invocations=9 (full 1):
 PSYoungGen      total 112128K, used 106780K [0x000000076c600000, 0x0000000774800000, 0x00000007c0000000)
  eden space 93696K, 100% used [0x000000076c600000,0x0000000772180000,0x0000000772180000)
  from space 18432K, 70% used [0x0000000772180000,0x0000000772e47080,0x0000000773380000)
  to   space 16896K, 0% used [0x0000000773380000,0x0000000773380000,0x0000000774400000)
 ParOldGen       total 117248K, used 15858K [0x00000006c5200000, 0x00000006cc480000, 0x000000076c600000)
  object space 117248K, 13% used [0x00000006c5200000,0x00000006c617c8b0,0x00000006cc480000)
 Metaspace       used 26259K, capacity 26878K, committed 27184K, reserved 1073152K
  class space    used 3047K, capacity 3282K, committed 3376K, reserved 1048576K
Event: 10.620 GC heap after
Heap after GC invocations=9 (full 1):
 PSYoungGen      total 109056K, used 16878K [0x000000076c600000, 0x0000000777d00000, 0x00000007c0000000)
  eden space 92160K, 0% used [0x000000076c600000,0x000000076c600000,0x0000000772000000)
  from space 16896K, 99% used [0x0000000773380000,0x00000007743fb840,0x0000000774400000)
  to   space 19968K, 0% used [0x0000000772000000,0x0000000772000000,0x0000000773380000)
 ParOldGen       total 117248K, used 16594K [0x00000006c5200000, 0x00000006cc480000, 0x000000076c600000)
  object space 117248K, 14% used [0x00000006c5200000,0x00000006c6234a38,0x00000006cc480000)
 Metaspace       used 26259K, capacity 26878K, committed 27184K, reserved 1073152K
  class space    used 3047K, capacity 3282K, committed 3376K, reserved 1048576K
}

Deoptimization events (10 events):
Event: 10.270 Thread 0x0000000002fdd800 Uncommon trap: reason=bimorphic action=maybe_recompile pc=0x000000000402c100 method=org.eclipse.jgit.treewalk.filter.TreeFilter.matchFilter(Lorg/eclipse/jgit/treewalk/TreeWalk;)I @ 2
Event: 10.402 Thread 0x0000000002fdd800 Uncommon trap: reason=unstable_if action=reinterpret pc=0x00000000040af99c method=org.eclipse.jgit.treewalk.WorkingTreeIterator.compareMetadata(Lorg/eclipse/jgit/dircache/DirCacheEntry;)Lorg/eclipse/jgit/treewalk/WorkingTreeIterator$MetadataDiff; @ 143
Event: 10.475 Thread 0x0000000002fdd800 Uncommon trap: reason=predicate action=maybe_recompile pc=0x00000000040f902c method=org.eclipse.jgit.util.StringUtils.compareIgnoreCase(Ljava/lang/String;Ljava/lang/String;)I @ 40
Event: 10.706 Thread 0x0000000002fdd800 Uncommon trap: reason=unstable_if action=reinterpret pc=0x000000000410c0dc method=org.eclipse.jgit.lib.ConfigSnapshot.compare2(Ljava/lang/String;Ljava/lang/String;Ljava/lang/String;Ljava/lang/String;Ljava/lang/String;Ljava/lang/String;)I @ 16
Event: 10.706 Thread 0x0000000002fdd800 Uncommon trap: reason=unstable_if action=reinterpret pc=0x0000000003d32864 method=java.util.regex.Pattern$GroupTail.match(Ljava/util/regex/Matcher;ILjava/lang/CharSequence;)Z @ 13
Event: 10.711 Thread 0x0000000002fdd800 Uncommon trap: reason=unstable_if action=reinterpret pc=0x000000000414a580 method=org.eclipse.jgit.internal.storage.file.ObjectDirectory.openPackedObject(Lorg/eclipse/jgit/internal/storage/file/WindowCursor;Lorg/eclipse/jgit/lib/AnyObjectId;)Lorg/eclipse/
Event: 10.715 Thread 0x0000000002fdd800 Uncommon trap: reason=null_check action=make_not_entrant pc=0x0000000004151728 method=org.eclipse.jgit.internal.storage.file.ObjectDirectory.myAlternates()[Lorg/eclipse/jgit/internal/storage/file/ObjectDirectory$AlternateHandle; @ 7
Event: 10.842 Thread 0x0000000002fdd800 Uncommon trap: reason=unstable_if action=reinterpret pc=0x00000000040c2ff8 method=org.eclipse.jgit.lib.AnyObjectId.equals(Lorg/eclipse/jgit/lib/AnyObjectId;Lorg/eclipse/jgit/lib/AnyObjectId;)Z @ 2
Event: 10.844 Thread 0x0000000002fdd800 Uncommon trap: reason=unstable_if action=reinterpret pc=0x000000000409ffe8 method=org.eclipse.jgit.util.RawParseUtils.parseBase10([BILorg/eclipse/jgit/util/MutableInteger;)I @ 133
Event: 10.873 Thread 0x0000000002fdd800 Uncommon trap: reason=unstable_if action=reinterpret pc=0x00000000040da1a4 method=org.eclipse.jgit.internal.storage.file.WindowCache.scan(Lorg/eclipse/jgit/internal/storage/file/WindowCache$Entry;Lorg/eclipse/jgit/internal/storage/file/PackFile;J)Lorg/ecl

Internal exceptions (10 events):
Event: 10.866 Thread 0x0000000002fdd800 Exception <a 'sun/nio/fs/WindowsException'> (0x000000076fda8618) thrown at [C:\re\workspace\8-2-build-windows-amd64-cygwin\jdk8u131\8869\hotspot\src\share\vm\prims\jni.cpp, line 709]
Event: 10.866 Thread 0x0000000002fdd800 Exception <a 'java/io/FileNotFoundException'> (0x000000076fda8ef0) thrown at [C:\re\workspace\8-2-build-windows-amd64-cygwin\jdk8u131\8869\hotspot\src\share\vm\prims\jni.cpp, line 709]
Event: 10.867 Thread 0x0000000002fdd800 Exception <a 'sun/nio/fs/WindowsException'> (0x000000076fdae118) thrown at [C:\re\workspace\8-2-build-windows-amd64-cygwin\jdk8u131\8869\hotspot\src\share\vm\prims\jni.cpp, line 709]
Event: 10.867 Thread 0x0000000002fdd800 Exception <a 'java/io/FileNotFoundException'> (0x000000076fdae9f0) thrown at [C:\re\workspace\8-2-build-windows-amd64-cygwin\jdk8u131\8869\hotspot\src\share\vm\prims\jni.cpp, line 709]
Event: 10.867 Thread 0x0000000002fdd800 Exception <a 'sun/nio/fs/WindowsException'> (0x000000076fdaf9e8) thrown at [C:\re\workspace\8-2-build-windows-amd64-cygwin\jdk8u131\8869\hotspot\src\share\vm\prims\jni.cpp, line 709]
Event: 10.867 Thread 0x0000000002fdd800 Exception <a 'java/io/FileNotFoundException'> (0x000000076fdb02c0) thrown at [C:\re\workspace\8-2-build-windows-amd64-cygwin\jdk8u131\8869\hotspot\src\share\vm\prims\jni.cpp, line 709]
Event: 10.867 Thread 0x0000000002fdd800 Exception <a 'sun/nio/fs/WindowsException'> (0x000000076fdb54d8) thrown at [C:\re\workspace\8-2-build-windows-amd64-cygwin\jdk8u131\8869\hotspot\src\share\vm\prims\jni.cpp, line 709]
Event: 10.867 Thread 0x0000000002fdd800 Exception <a 'java/io/FileNotFoundException'> (0x000000076fdb5db0) thrown at [C:\re\workspace\8-2-build-windows-amd64-cygwin\jdk8u131\8869\hotspot\src\share\vm\prims\jni.cpp, line 709]
Event: 10.867 Thread 0x0000000002fdd800 Exception <a 'sun/nio/fs/WindowsException'> (0x000000076fdb6e08) thrown at [C:\re\workspace\8-2-build-windows-amd64-cygwin\jdk8u131\8869\hotspot\src\share\vm\prims\jni.cpp, line 709]
Event: 10.867 Thread 0x0000000002fdd800 Exception <a 'java/io/FileNotFoundException'> (0x000000076fdb76e0) thrown at [C:\re\workspace\8-2-build-windows-amd64-cygwin\jdk8u131\8869\hotspot\src\share\vm\prims\jni.cpp, line 709]

Events (10 events):
Event: 10.833 loading class pl/project13/core/GitDataProvider done
Event: 10.842 Thread 0x0000000002fdd800 Uncommon trap: trap_request=0xffffff65 fr.pc=0x00000000040c2ff8
Event: 10.842 Thread 0x0000000002fdd800 DEOPT PACKING pc=0x00000000040c2ff8 sp=0x0000000002f1d8c0
Event: 10.842 Thread 0x0000000002fdd800 DEOPT UNPACKING pc=0x000000000315582a sp=0x0000000002f1d808 mode 2
Event: 10.844 Thread 0x0000000002fdd800 Uncommon trap: trap_request=0xffffff65 fr.pc=0x000000000409ffe8
Event: 10.844 Thread 0x0000000002fdd800 DEOPT PACKING pc=0x000000000409ffe8 sp=0x0000000002f1d9b0
Event: 10.844 Thread 0x0000000002fdd800 DEOPT UNPACKING pc=0x000000000315582a sp=0x0000000002f1d948 mode 2
Event: 10.873 Thread 0x0000000002fdd800 Uncommon trap: trap_request=0xffffff65 fr.pc=0x00000000040da1a4
Event: 10.873 Thread 0x0000000002fdd800 DEOPT PACKING pc=0x00000000040da1a4 sp=0x0000000002f1d5b0
Event: 10.873 Thread 0x0000000002fdd800 DEOPT UNPACKING pc=0x000000000315582a sp=0x0000000002f1d408 mode 2


Dynamic libraries:
0x00007ff663790000 - 0x00007ff6637c7000 	C:\Program Files\Java\jdk1.8.0_131\bin\javaw.exe
0x00007ffb38780000 - 0x00007ffb38970000 	C:\WINDOWS\SYSTEM32\ntdll.dll
0x00007ffb36df0000 - 0x00007ffb36ea2000 	C:\WINDOWS\System32\KERNEL32.DLL
0x00007ffb356f0000 - 0x00007ffb35995000 	C:\WINDOWS\System32\KERNELBASE.dll
0x00007ffb37430000 - 0x00007ffb374d3000 	C:\WINDOWS\System32\ADVAPI32.DLL
0x00007ffb36a10000 - 0x00007ffb36aae000 	C:\WINDOWS\System32\msvcrt.dll
0x00007ffb386a0000 - 0x00007ffb38737000 	C:\WINDOWS\System32\sechost.dll
0x00007ffb378a0000 - 0x00007ffb379bf000 	C:\WINDOWS\System32\RPCRT4.dll
0x00007ffb376a0000 - 0x00007ffb37834000 	C:\WINDOWS\System32\USER32.dll
0x00007ffb36210000 - 0x00007ffb36231000 	C:\WINDOWS\System32\win32u.dll
0x00007ffb36830000 - 0x00007ffb36856000 	C:\WINDOWS\System32\GDI32.dll
0x00007ffb365d0000 - 0x00007ffb36768000 	C:\WINDOWS\System32\gdi32full.dll
0x00007ffb359a0000 - 0x00007ffb35a3e000 	C:\WINDOWS\System32\msvcp_win.dll
0x00007ffb364b0000 - 0x00007ffb365aa000 	C:\WINDOWS\System32\ucrtbase.dll
0x00007ffb28df0000 - 0x00007ffb29074000 	C:\WINDOWS\WinSxS\amd64_microsoft.windows.common-controls_6595b64144ccf1df_6.0.18362.1440_none_9e7dbfb9e45e8e67\COMCTL32.dll
0x00007ffb36ab0000 - 0x00007ffb36de6000 	C:\WINDOWS\System32\combase.dll
0x00007ffb36770000 - 0x00007ffb367f1000 	C:\WINDOWS\System32\bcryptPrimitives.dll
0x00007ffb36930000 - 0x00007ffb3695e000 	C:\WINDOWS\System32\IMM32.DLL
0x000000006a600000 - 0x000000006a6d2000 	C:\Program Files\Java\jdk1.8.0_131\jre\bin\msvcr100.dll
0x000000006a6e0000 - 0x000000006af7c000 	C:\Program Files\Java\jdk1.8.0_131\jre\bin\server\jvm.dll
0x00007ffb373a0000 - 0x00007ffb373a8000 	C:\WINDOWS\System32\PSAPI.DLL
0x00007ffb2fb00000 - 0x00007ffb2fb09000 	C:\WINDOWS\SYSTEM32\WSOCK32.dll
0x00007ffb37330000 - 0x00007ffb3739f000 	C:\WINDOWS\System32\WS2_32.dll
0x00007ffb2e4f0000 - 0x00007ffb2e514000 	C:\WINDOWS\SYSTEM32\WINMM.dll
0x00007ffb27d90000 - 0x00007ffb27d9a000 	C:\WINDOWS\SYSTEM32\VERSION.dll
0x00007ffb2e4a0000 - 0x00007ffb2e4cd000 	C:\WINDOWS\SYSTEM32\WINMMBASE.dll
0x00007ffb35a40000 - 0x00007ffb35a8a000 	C:\WINDOWS\System32\cfgmgr32.dll
0x000000006a5f0000 - 0x000000006a5ff000 	C:\Program Files\Java\jdk1.8.0_131\jre\bin\verify.dll
0x000000006a5c0000 - 0x000000006a5e9000 	C:\Program Files\Java\jdk1.8.0_131\jre\bin\java.dll
0x000000006a5a0000 - 0x000000006a5b6000 	C:\Program Files\Java\jdk1.8.0_131\jre\bin\zip.dll
0x00007ffb379c0000 - 0x00007ffb380a8000 	C:\WINDOWS\System32\SHELL32.dll
0x00007ffb380b0000 - 0x00007ffb38157000 	C:\WINDOWS\System32\shcore.dll
0x00007ffb35a90000 - 0x00007ffb3620b000 	C:\WINDOWS\System32\windows.storage.dll
0x00007ffb356d0000 - 0x00007ffb356ee000 	C:\WINDOWS\System32\profapi.dll
0x00007ffb35660000 - 0x00007ffb356aa000 	C:\WINDOWS\System32\powrprof.dll
0x00007ffb35630000 - 0x00007ffb35640000 	C:\WINDOWS\System32\UMPDC.dll
0x00007ffb37010000 - 0x00007ffb37062000 	C:\WINDOWS\System32\shlwapi.dll
0x00007ffb35640000 - 0x00007ffb35651000 	C:\WINDOWS\System32\kernel.appcore.dll
0x00007ffb365b0000 - 0x00007ffb365c7000 	C:\WINDOWS\System32\cryptsp.dll
0x00007ffb349f0000 - 0x00007ffb34a23000 	C:\WINDOWS\system32\rsaenh.dll
0x00007ffb36800000 - 0x00007ffb36826000 	C:\WINDOWS\System32\bcrypt.dll
0x00007ffb35510000 - 0x00007ffb35535000 	C:\WINDOWS\SYSTEM32\USERENV.dll
0x00007ffb35040000 - 0x00007ffb3504c000 	C:\WINDOWS\SYSTEM32\CRYPTBASE.dll
0x000000006a580000 - 0x000000006a59a000 	C:\Program Files\Java\jdk1.8.0_131\jre\bin\net.dll
0x00007ffb34e70000 - 0x00007ffb34ed7000 	C:\WINDOWS\system32\mswsock.dll
0x00007ffb34b80000 - 0x00007ffb34bba000 	C:\WINDOWS\SYSTEM32\IPHLPAPI.DLL
0x00007ffb37150000 - 0x00007ffb37158000 	C:\WINDOWS\System32\NSI.dll
0x00007ffb2ec70000 - 0x00007ffb2ec86000 	C:\WINDOWS\SYSTEM32\dhcpcsvc6.DLL
0x00007ffb2f300000 - 0x00007ffb2f31c000 	C:\WINDOWS\SYSTEM32\dhcpcsvc.DLL
0x00007ffb34bc0000 - 0x00007ffb34c8b000 	C:\WINDOWS\SYSTEM32\DNSAPI.dll
0x000000006a560000 - 0x000000006a571000 	C:\Program Files\Java\jdk1.8.0_131\jre\bin\nio.dll
0x00007ffb311c0000 - 0x00007ffb311ca000 	C:\Users\Administrator\AppData\Local\Temp\jansi-1.17-8855799386797030238.dll
0x00007ffb30aa0000 - 0x00007ffb30aaa000 	C:\Users\Administrator\AppData\Local\Temp\jansi-1.17-765645665946128853.dll
0x000000006a530000 - 0x000000006a554000 	C:\Program Files\Java\jdk1.8.0_131\jre\bin\sunec.dll
0x000000006b870000 - 0x000000006b87b000 	C:\Program Files\Java\jdk1.8.0_131\jre\bin\sunmscapi.dll
0x00007ffb36240000 - 0x00007ffb36391000 	C:\WINDOWS\System32\CRYPT32.dll
0x00007ffb356b0000 - 0x00007ffb356c2000 	C:\WINDOWS\System32\MSASN1.dll
0x00007ffb273f0000 - 0x00007ffb273fa000 	C:\Windows\System32\rasadhlp.dll
0x00007ffb2eb00000 - 0x00007ffb2eb77000 	C:\WINDOWS\System32\fwpuclnt.dll

VM Arguments:
jvm_args: -Dmaven.home=EMBEDDED -Dclassworlds.conf=D:\IDE\GradleWorkplace\.metadata\.plugins\org.eclipse.m2e.launching\launches\m2conf8818198661525441738.tmp -Dmaven.multiModuleProjectDirectory=D:\OpenSource\GIT\zeppelin\nextflow -Dfile.encoding=GBK 
java_command: org.codehaus.plexus.classworlds.launcher.Launcher -B -Dmaven.test.skip=true -DskipTests install
java_class_path (initial): D:\MyPrgm\eclipse\plugins\org.eclipse.m2e.maven.runtime_1.10.0.20181127-2120\jars\plexus-classworlds-2.5.2.jar
Launcher Type: SUN_STANDARD

Environment Variables:
JAVA_HOME=C:\Program Files\Java\jdk1.8.0_131
PATH=C:/Program Files/Java/jdk1.8.0_131/bin/../jre/bin/server;C:/Program Files/Java/jdk1.8.0_131/bin/../jre/bin;C:/Program Files/Java/jdk1.8.0_131/bin/../jre/lib/amd64;C:\WINDOWS\system32;C:\WINDOWS;C:\WINDOWS\System32\Wbem;C:\WINDOWS\System32\WindowsPowerShell\v1.0\;C:\WINDOWS\System32\OpenSSH\;C:\Program Files\TortoiseSVN\bin;C:\Program Files\Git\cmd;C:\Program Files\nodejs\;C:\Program Files\Java\jdk1.8.0_131\bin;C:\Users\Administrator\AppData\Local\Microsoft\WindowsApps;C:\Users\Administrator\AppData\Roaming\npm;;D:\MyPrgm\eclipse;
USERNAME=Administrator
OS=Windows_NT
PROCESSOR_IDENTIFIER=Intel64 Family 6 Model 142 Stepping 10, GenuineIntel



---------------  S Y S T E M  ---------------

OS: Windows 10.0 , 64 bit Build 18362 (10.0.18362.1350)

CPU:total 8 (initial active 8) (4 cores per cpu, 2 threads per core) family 6 model 142 stepping 10, cmov, cx8, fxsr, mmx, sse, sse2, sse3, ssse3, sse4.1, sse4.2, popcnt, avx, avx2, clmul, erms, 3dnowpref, lzcnt, ht, tsc, tscinvbit, bmi1, bmi2, adx

Memory: 4k page, physical 16433704k(2136372k free), swap 29462308k(5192k free)

vm_info: Java HotSpot(TM) 64-Bit Server VM (25.131-b11) for windows-amd64 JRE (1.8.0_131-b11), built on Mar 15 2017 01:23:53 by "java_re" with MS VC++ 10.0 (VS2010)

time: Sat Mar 20 15:10:37 2021
elapsed time: 10 seconds (0d 0h 0m 10s)

